Precompiling ComponentArrays...
    692.6 ms  ✓ IfElse
    702.5 ms  ✓ PackageExtensionCompat
    748.3 ms  ✓ CommonWorldInvalidations
    888.6 ms  ✓ NaNMath
    825.9 ms  ✓ Adapt
    844.2 ms  ✓ DiffResults
    876.3 ms  ✓ OpenSpecFun_jll
   1315.8 ms  ✓ Functors
   1394.6 ms  ✓ IrrationalConstants
    637.9 ms  ✓ ArrayInterface
    980.1 ms  ✓ Static
    667.0 ms  ✓ LogExpFunctions
   1879.9 ms  ✓ ChainRulesCore
    603.2 ms  ✓ ArrayInterface → ArrayInterfaceStaticArraysCoreExt
   3119.2 ms  ✓ MacroTools
   1560.5 ms  ✓ StaticArrayInterface
   1477.6 ms  ✓ LogExpFunctions → LogExpFunctionsChainRulesCoreExt
    488.7 ms  ✓ CommonSubexpressions
   2458.8 ms  ✓ SpecialFunctions
    565.7 ms  ✓ DiffRules
   1534.0 ms  ✓ SpecialFunctions → SpecialFunctionsChainRulesCoreExt
   2916.5 ms  ✓ ForwardDiff
    787.0 ms  ✓ ComponentArrays
    444.3 ms  ✓ ComponentArrays → ComponentArraysAdaptExt
  24 dependencies successfully precompiled in 9 seconds. 37 already precompiled.
Precompiling Enzyme...
    407.2 ms  ✓ StructIO
    541.9 ms  ✓ EnzymeCore
   2181.7 ms  ✓ TimerOutputs
   2039.1 ms  ✓ ObjectFile
   3006.7 ms  ✓ LLVMExtra_jll
   5913.8 ms  ✓ LLVM
  12408.8 ms  ✓ Enzyme_jll
   3941.2 ms  ✓ GPUCompiler
 158548.4 ms  ✓ Enzyme
  9 dependencies successfully precompiled in 172 seconds. 34 already precompiled.
  2 dependencies had output during precompilation:
┌ LLVMExtra_jll
│  Downloading artifact: LLVMExtra
└  
┌ Enzyme_jll
│  Downloading artifact: Enzyme
└  
Precompiling EnzymeChainRulesCoreExt...
   1581.9 ms  ✓ Enzyme → EnzymeChainRulesCoreExt
  1 dependency successfully precompiled in 2 seconds. 46 already precompiled.
ERROR: LoadError: UndefVarError: `PassBuilder` not defined in `Enzyme.Compiler`
Stacktrace:
  [1] macro expansion
    @ ~/.julia/packages/LLVM/UqMfW/src/base.jl:96 [inlined]
  [2] (::Enzyme.Compiler.var"#prop_julia_addr#28412"{LLVM.TargetMachine})(f::LLVM.Function)
    @ Enzyme.Compiler ~/.julia/packages/Enzyme/SiyIj/src/compiler/optimize.jl:75
  [3] function_pass_callback(ptr::Ptr{Nothing}, data::Ptr{Nothing})
    @ LLVM ~/.julia/packages/LLVM/UqMfW/src/pass.jl:49
  [4] LLVMRunPassManager
    @ ~/.julia/packages/LLVM/UqMfW/lib/16/libLLVM.jl:3351 [inlined]
  [5] run!
    @ ~/.julia/packages/LLVM/UqMfW/src/passmanager.jl:39 [inlined]
  [6] (::Enzyme.Compiler.var"#28508#28509"{LLVM.Module, LLVM.TargetMachine})(pm::LLVM.ModulePassManager)
    @ Enzyme.Compiler ~/.julia/packages/Enzyme/SiyIj/src/compiler/optimize.jl:2029
  [7] LLVM.ModulePassManager(::Enzyme.Compiler.var"#28508#28509"{LLVM.Module, LLVM.TargetMachine}; kwargs::@Kwargs{})
    @ LLVM ~/.julia/packages/LLVM/UqMfW/src/passmanager.jl:33
  [8] ModulePassManager
    @ ~/.julia/packages/LLVM/UqMfW/src/passmanager.jl:30 [inlined]
  [9] optimize!
    @ ~/.julia/packages/Enzyme/SiyIj/src/compiler/optimize.jl:1951 [inlined]
 [10] codegen(output::Symbol, job::GPUCompiler.CompilerJob{Enzyme.Compiler.EnzymeTarget, Enzyme.Compiler.EnzymeCompilerParams}; libraries::Bool, deferred_codegen::Bool, optimize::Bool, toplevel::Bool, strip::Bool, validate::Bool, only_entry::Bool, parent_job::Nothing)
    @ Enzyme.Compiler ~/.julia/packages/Enzyme/SiyIj/src/compiler.jl:5789
 [11] codegen
    @ ~/.julia/packages/Enzyme/SiyIj/src/compiler.jl:5143 [inlined]
 [12] _thunk(job::GPUCompiler.CompilerJob{Enzyme.Compiler.EnzymeTarget, Enzyme.Compiler.EnzymeCompilerParams}, postopt::Bool)
    @ Enzyme.Compiler ~/.julia/packages/Enzyme/SiyIj/src/compiler.jl:6674
 [13] _thunk
    @ ~/.julia/packages/Enzyme/SiyIj/src/compiler.jl:6674 [inlined]
 [14] cached_compilation
    @ ~/.julia/packages/Enzyme/SiyIj/src/compiler.jl:6712 [inlined]
 [15] (::Enzyme.Compiler.var"#28631#28632"{DataType, DataType, Enzyme.API.CDerivativeMode, Tuple{Bool, Bool}, Int64, Bool, Bool, UInt64, DataType})(ctx::LLVM.Context)
    @ Enzyme.Compiler ~/.julia/packages/Enzyme/SiyIj/src/compiler.jl:6781
 [16] JuliaContext(f::Enzyme.Compiler.var"#28631#28632"{DataType, DataType, Enzyme.API.CDerivativeMode, Tuple{Bool, Bool}, Int64, Bool, Bool, UInt64, DataType}; kwargs::@Kwargs{})
    @ GPUCompiler ~/.julia/packages/GPUCompiler/Y4hSX/src/driver.jl:52
 [17] JuliaContext(f::Function)
    @ GPUCompiler ~/.julia/packages/GPUCompiler/Y4hSX/src/driver.jl:42
 [18] #s2010#28630
    @ ~/.julia/packages/Enzyme/SiyIj/src/compiler.jl:6732 [inlined]
 [19] var"#s2010#28630"(FA::Any, A::Any, TT::Any, Mode::Any, ModifiedBetween::Any, width::Any, ReturnPrimal::Any, ShadowInit::Any, World::Any, ABI::Any, ::Any, ::Any, ::Any, ::Any, tt::Any, ::Any, ::Any, ::Any, ::Any, ::Any, ::Any)
    @ Enzyme.Compiler ./none:0
 [20] (::Core.GeneratedFunctionStub)(::UInt64, ::LineNumberNode, ::Any, ::Vararg{Any})
    @ Core ./boot.jl:707
 [21] autodiff
    @ ~/.julia/packages/Enzyme/SiyIj/src/Enzyme.jl:304 [inlined]
 [22] autodiff
    @ ~/.julia/packages/Enzyme/SiyIj/src/Enzyme.jl:321 [inlined]
 [23] ∇simpleobjective!(∂A::Vector{Float64}, A::Vector{Float64})
    @ Main ~/git/temp/enzyme_foreach/src/enzyme_test.jl:339
 [24] macro expansion
    @ ./timing.jl:581 [inlined]
 [25] main(lnns::StepRange{Int64, Int64})
    @ Main ~/git/temp/enzyme_foreach/src/enzyme_test.jl:375
 [26] main()
    @ Main ~/git/temp/enzyme_foreach/src/enzyme_test.jl:369
 [27] top-level scope
    @ ~/git/temp/enzyme_foreach/src/enzyme_test.jl:390
in expression starting at /home/jrb26/git/temp/enzyme_foreach/src/enzyme_test.jl:390
